#
# A fatal error has been detected by the Java Runtime Environment:
#
#  SIGSEGV (0xb) at pc=0x00007fd9f49e4ea9, pid=11870, tid=0x00007fd9da8fb700
#
# JRE version: OpenJDK Runtime Environment (8.0_191-b12) (build 1.8.0_191-8u191-b12-0ubuntu0.16.04.1-b12)
# Java VM: OpenJDK 64-Bit Server VM (25.191-b12 mixed mode linux-amd64 compressed oops)
# Problematic frame:
# C  [_jpype.so+0x57ea9]  JPJavaEnv::NewLocalRef(_jobject*)+0x9
#
# Failed to write core dump. Core dumps have been disabled. To enable core dumping, try "ulimit -c unlimited" before starting Java again
#
# If you would like to submit a bug report, please visit:
#   http://bugreport.java.com/bugreport/crash.jsp
#

---------------  T H R E A D  ---------------

Current thread is native thread

siginfo: si_signo: 11 (SIGSEGV), si_code: 1 (SEGV_MAPERR), si_addr: 0x0000000000000000

Registers:
RAX=0x0000000000000000, RBX=0x0000000001a54380, RCX=0x0000000000000001, RDX=0x0000000000000000
RSP=0x00007fd9da8f9990, RBP=0x00000000018224d0, RSI=0x00007fd9da8f9970, RDI=0x0000000000000002
R8 =0x0000000000000000, R9 =0x00007fda017ebdc0, R10=0x0000000000000001, R11=0x0000000000000053
R12=0x0000000001a54380, R13=0x00007fd9da8f99af, R14=0x0000000001a83360, R15=0x00007fda01c84050
RIP=0x00007fd9f49e4ea9, EFLAGS=0x0000000000010206, CSGSFS=0x0000000000000033, ERR=0x0000000000000004
  TRAPNO=0x000000000000000e

Top of Stack: (sp=0x00007fd9da8f9990)
0x00007fd9da8f9990:   0000000001a80220 00007fd9f49b3481
0x00007fd9da8f99a0:   0000000000000000 00007fd9da8f9a20
0x00007fd9da8f99b0:   00007fd9640011e0 b55628cde3674200
0x00007fd9da8f99c0:   00007fd964000b10 00007fd9f40bd4f0
0x00007fd9da8f99d0:   00007fda01abcde0 00007fd9da8f9a40
0x00007fd9da8f99e0:   0000000000000000 00007fd9f49f0e9a
0x00007fd9da8f99f0:   0000003000000020 00007fd9da8f9af0
0x00007fd9da8f9a00:   00007fd9da8f9a17 00007fd9f40bd4f0
0x00007fd9da8f9a10:   00007fd9d2fa9be0 00007fd964000b10
0x00007fd9da8f9a20:   00007fd9640011a0 00007fd9640011a8
0x00007fd9da8f9a30:   00007fd9640011a8 00007fda017ebdc0
0x00007fd9da8f9a40:   00007fd9f4c0e700 00007fd964001180
0x00007fd9da8f9a50:   00007fd964001188 00007fd964001188
0x00007fd9da8f9a60:   00007fda01a7a270 b55628cde3674200
0x00007fd9da8f9a70:   00007fd9d2fcaa70 00007fd9f49f0d10
0x00007fd9da8f9a80:   00007fd9f40bd4f0 00007fda01abcde0
0x00007fd9da8f9a90:   00007fd9f407af5d 00007fd9fc538b40
0x00007fd9da8f9aa0:   00000000ffffffff 00007fda01710e93
0x00007fd9da8f9ab0:   00007fda0175a240 00007fd9d2fe1130
0x00007fd9da8f9ac0:   00007fd9d2fcaa70 00007fd9d2fcabf8
0x00007fd9da8f9ad0:   00007fd9d2fcaa70 0000000001a8eb40
0x00007fd9da8f9ae0:   00007fd9f407af5d 00007fda017c380d
0x00007fd9da8f9af0:   00007fd9e4121368 00007fda002e5fd0
0x00007fd9da8f9b00:   0000000000000001 00007fd9e4121368
0x00007fd9da8f9b10:   00007fda00287b70 00007fd9e4115a50
0x00007fd9da8f9b20:   00007fda01c88200 00007fda017ebdc0
0x00007fd9da8f9b30:   0000003000000010 00007fd9ffffffff
0x00007fd9da8f9b40:   00007fd9f40bd4f0 00007fda01abc960
0x00007fd9da8f9b50:   00007fd9f407af54 0000000000000000
0x00007fd9da8f9b60:   0000000600000000 00007fd9d2fe1130
0x00007fd9da8f9b70:   00007fda01a7a270 0000000000000000
0x00007fd9da8f9b80:   00007fd9f407af54 00007fd900000000 

Instructions: (pc=0x00007fd9f49e4ea9)
0x00007fd9f49e4e89:   8b 92 b0 00 00 00 ff e2 0f 1f 80 00 00 00 00 5b
0x00007fd9f49e4e99:   c3 66 0f 1f 44 00 00 53 48 89 f3 e8 c7 9b fc ff
0x00007fd9f49e4ea9:   48 8b 10 48 89 de 48 89 c7 5b 48 8b 92 c8 00 00
0x00007fd9f49e4eb9:   00 ff e2 0f 1f 40 00 53 48 89 f3 e8 a7 9b fc ff 

Register to memory mapping:

RAX=0x0000000000000000 is an unknown value
RBX=0x0000000001a54380 is a global jni handle
RCX=0x0000000000000001 is an unknown value
RDX=0x0000000000000000 is an unknown value
RSP=0x00007fd9da8f9990 is an unknown value
RBP=0x00000000018224d0 is an unknown value
RSI=0x00007fd9da8f9970 is an unknown value
RDI=0x0000000000000002 is an unknown value
R8 =0x0000000000000000 is an unknown value
R9 =0x00007fda017ebdc0: <offset 0x124dc0> in /home/eos/anaconda2/bin/../lib/libpython2.7.so.1.0 at 0x00007fda016c7000
R10=0x0000000000000001 is an unknown value
R11=0x0000000000000053 is an unknown value
R12=0x0000000001a54380 is a global jni handle
R13=0x00007fd9da8f99af is an unknown value
R14=0x0000000001a83360 is an unknown value
R15=0x00007fda01c84050 is an unknown value


Stack: [0x00007fd9da0fb000,0x00007fd9da8fc000],  sp=0x00007fd9da8f9990,  free space=8186k
Native frames: (J=compiled Java code, j=interpreted, Vv=VM code, C=native code)
C  [_jpype.so+0x57ea9]  JPJavaEnv::NewLocalRef(_jobject*)+0x9


---------------  P R O C E S S  ---------------

VM state:not at safepoint (normal execution)

VM Mutex/Monitor currently owned by a thread: None

Heap:
 PSYoungGen      total 305664K, used 145674K [0x00000000d5580000, 0x00000000eaa80000, 0x0000000100000000)
  eden space 262144K, 55% used [0x00000000d5580000,0x00000000de3c28f0,0x00000000e5580000)
  from space 43520K, 0% used [0x00000000e8000000,0x00000000e8000000,0x00000000eaa80000)
  to   space 43520K, 0% used [0x00000000e5580000,0x00000000e5580000,0x00000000e8000000)
 ParOldGen       total 699392K, used 0K [0x0000000080000000, 0x00000000aab00000, 0x00000000d5580000)
  object space 699392K, 0% used [0x0000000080000000,0x0000000080000000,0x00000000aab00000)
 Metaspace       used 5405K, capacity 5542K, committed 5760K, reserved 1056768K
  class space    used 589K, capacity 635K, committed 640K, reserved 1048576K

Card table byte_map: [0x00007fd9c3194000,0x00007fd9c3595000] byte_map_base: 0x00007fd9c2d94000

Marking Bits: (ParMarkBitMap*) 0x00007fd9e58e5520
 Begin Bits: [0x00007fd9b8000000, 0x00007fd9ba000000)
 End Bits:   [0x00007fd9ba000000, 0x00007fd9bc000000)

Polling page: 0x00007fda01cd0000

CodeCache: size=245760Kb used=2165Kb max_used=2177Kb free=243594Kb
 bounds [0x00007fd9c3955000, 0x00007fd9c3bc5000, 0x00007fd9d2955000]
 total_blobs=802 nmethods=530 adapters=187
 compilation: enabled

Compilation events (10 events):
Event: 0.303 Thread 0x0000000001813000  526       3       java.lang.Double::compare (54 bytes)
Event: 0.303 Thread 0x0000000001813000 nmethod 526 0x00007fd9c3b73ad0 code [0x00007fd9c3b73c60, 0x00007fd9c3b74170]
Event: 0.303 Thread 0x000000000180c000 nmethod 502 0x00007fd9c3b74290 code [0x00007fd9c3b74400, 0x00007fd9c3b74838]
Event: 0.303 Thread 0x000000000180f000  527       4       java.lang.Class$MethodArray::matchesNameAndDescriptor (42 bytes)
Event: 0.304 Thread 0x0000000001810800 nmethod 510 0x00007fd9c3b74c50 code [0x00007fd9c3b74dc0, 0x00007fd9c3b75138]
Event: 0.304 Thread 0x0000000001813000  528       3       java.lang.Class::reflectionData (49 bytes)
Event: 0.304 Thread 0x0000000001810800  529       4       java.lang.reflect.Method::equals (69 bytes)
Event: 0.304 Thread 0x0000000001813000 nmethod 528 0x00007fd9c3b732d0 code [0x00007fd9c3b73460, 0x00007fd9c3b73968]
Event: 0.305 Thread 0x0000000001810800 nmethod 529 0x00007fd9c3b71a50 code [0x00007fd9c3b71ba0, 0x00007fd9c3b71ca8]
Event: 0.305 Thread 0x000000000180f000 nmethod 527 0x00007fd9c3b71450 code [0x00007fd9c3b715c0, 0x00007fd9c3b71868]

GC Heap History (0 events):
No events

Deoptimization events (10 events):
Event: 0.179 Thread 0x0000000001502800 Uncommon trap: reason=unstable_if action=reinterpret pc=0x00007fd9c3afff6c method=com.hankcs.hanlp.collection.trie.DoubleArrayTrie.load(Lcom/hankcs/hanlp/corpus/io/ByteArray;[Ljava/lang/Object;)Z @ 47
Event: 0.215 Thread 0x0000000001502800 Uncommon trap: reason=unstable_if action=reinterpret pc=0x00007fd9c3b14800 method=java.io.ObjectInputStream$BlockDataInputStream.readInts([III)V @ 8
Event: 0.216 Thread 0x0000000001502800 Uncommon trap: reason=unstable_if action=reinterpret pc=0x00007fd9c3af2dd4 method=java.lang.String.indexOf([CII[CIII)I @ 134
Event: 0.216 Thread 0x0000000001502800 Uncommon trap: reason=unstable_if action=reinterpret pc=0x00007fd9c3af25e0 method=sun.nio.cs.UTF_8$Encoder.encode([CII[B)I @ 33
Event: 0.252 Thread 0x0000000001502800 Uncommon trap: reason=unstable_if action=reinterpret pc=0x00007fd9c3b13658 method=com.hankcs.hanlp.dictionary.CustomDictionary.loadDat(Ljava/lang/String;)Z @ 86
Event: 0.260 Thread 0x0000000001502800 Uncommon trap: reason=unstable_if action=reinterpret pc=0x00007fd9c3b11d14 method=com.hankcs.hanlp.collection.trie.DoubleArrayTrie.load(Lcom/hankcs/hanlp/corpus/io/ByteArray;[Ljava/lang/Object;)Z @ 47
Event: 0.274 Thread 0x0000000001502800 Uncommon trap: reason=bimorphic action=maybe_recompile pc=0x00007fd9c3b2a808 method=java.util.TreeMap.compare(Ljava/lang/Object;Ljava/lang/Object;)I @ 12
Event: 0.274 Thread 0x0000000001502800 Uncommon trap: reason=bimorphic action=maybe_recompile pc=0x00007fd9c3b2a808 method=java.util.TreeMap.compare(Ljava/lang/Object;Ljava/lang/Object;)I @ 12
Event: 0.274 Thread 0x0000000001502800 Uncommon trap: reason=bimorphic action=maybe_recompile pc=0x00007fd9c3b2a808 method=java.util.TreeMap.compare(Ljava/lang/Object;Ljava/lang/Object;)I @ 12
Event: 0.274 Thread 0x0000000001502800 Uncommon trap: reason=bimorphic action=maybe_recompile pc=0x00007fd9c3b2a808 method=java.util.TreeMap.compare(Ljava/lang/Object;Ljava/lang/Object;)I @ 12

Classes redefined (0 events):
No events

Internal exceptions (10 events):
Event: 0.013 Thread 0x0000000001502800 Exception <a 'java/lang/NoSuchMethodError': Method sun.misc.Unsafe.defineClass(Ljava/lang/String;[BII)Ljava/lang/Class; name or signature does not match> (0x00000000d5587cb0) thrown at [/build/openjdk-8-yxDDQ4/openjdk-8-8u191-b12/src/hotspot/src/share/vm/
Event: 0.013 Thread 0x0000000001502800 Exception <a 'java/lang/NoSuchMethodError': Method sun.misc.Unsafe.prefetchRead(Ljava/lang/Object;J)V name or signature does not match> (0x00000000d5587f98) thrown at [/build/openjdk-8-yxDDQ4/openjdk-8-8u191-b12/src/hotspot/src/share/vm/prims/jni.cpp, lin
Event: 0.054 Thread 0x0000000001502800 Exception <a 'java/security/PrivilegedActionException'> (0x00000000d568e048) thrown at [/build/openjdk-8-yxDDQ4/openjdk-8-8u191-b12/src/hotspot/src/share/vm/prims/jvm.cpp, line 1435]
Event: 0.054 Thread 0x0000000001502800 Exception <a 'java/security/PrivilegedActionException'> (0x00000000d568e258) thrown at [/build/openjdk-8-yxDDQ4/openjdk-8-8u191-b12/src/hotspot/src/share/vm/prims/jvm.cpp, line 1435]
Event: 0.054 Thread 0x0000000001502800 Exception <a 'java/security/PrivilegedActionException'> (0x00000000d56902e0) thrown at [/build/openjdk-8-yxDDQ4/openjdk-8-8u191-b12/src/hotspot/src/share/vm/prims/jvm.cpp, line 1435]
Event: 0.054 Thread 0x0000000001502800 Exception <a 'java/security/PrivilegedActionException'> (0x00000000d56904f0) thrown at [/build/openjdk-8-yxDDQ4/openjdk-8-8u191-b12/src/hotspot/src/share/vm/prims/jvm.cpp, line 1435]
Event: 0.054 Thread 0x0000000001502800 Exception <a 'java/security/PrivilegedActionException'> (0x00000000d5690fc8) thrown at [/build/openjdk-8-yxDDQ4/openjdk-8-8u191-b12/src/hotspot/src/share/vm/prims/jvm.cpp, line 1435]
Event: 0.054 Thread 0x0000000001502800 Exception <a 'java/security/PrivilegedActionException'> (0x00000000d56911d8) thrown at [/build/openjdk-8-yxDDQ4/openjdk-8-8u191-b12/src/hotspot/src/share/vm/prims/jvm.cpp, line 1435]
Event: 0.113 Thread 0x0000000001502800 Exception <a 'java/lang/NoSuchFieldError': method resolution failed> (0x00000000d57d2d38) thrown at [/build/openjdk-8-yxDDQ4/openjdk-8-8u191-b12/src/hotspot/src/share/vm/prims/methodHandles.cpp, line 1167]
Event: 0.114 Thread 0x0000000001502800 Exception <a 'java/lang/NoSuchFieldError': method resolution failed> (0x00000000d57e00e8) thrown at [/build/openjdk-8-yxDDQ4/openjdk-8-8u191-b12/src/hotspot/src/share/vm/prims/methodHandles.cpp, line 1167]

Events (10 events):
Event: 0.300 loading class com/hankcs/hanlp/collection/trie/bintrie/BaseNode$TrieEntry
Event: 0.300 loading class com/hankcs/hanlp/collection/trie/bintrie/BaseNode$TrieEntry done
Event: 0.302 loading class com/hankcs/hanlp/corpus/occurrence/Occurrence$4
Event: 0.302 loading class com/hankcs/hanlp/corpus/occurrence/Occurrence$4 done
Event: 0.302 Thread 0x0000000001502800 DEOPT PACKING pc=0x00007fd9c3b10f4a sp=0x00007ffe860767c0
Event: 0.302 Thread 0x0000000001502800 DEOPT UNPACKING pc=0x00007fd9c399c4c4 sp=0x00007ffe86076510 mode 0
Event: 0.302 loading class java/util/Arrays$LegacyMergeSort
Event: 0.302 loading class java/util/Arrays$LegacyMergeSort done
Event: 0.302 loading class java/util/TimSort
Event: 0.302 loading class java/util/TimSort done


Dynamic libraries:
00400000-00401000 r-xp 00000000 08:06 5767892                            /home/eos/anaconda2/bin/python2.7
00600000-00601000 rw-p 00000000 08:06 5767892                            /home/eos/anaconda2/bin/python2.7
0083a000-01ab9000 rw-p 00000000 00:00 0                                  [heap]
80000000-aab00000 rw-p 00000000 00:00 0 
aab00000-d5580000 ---p 00000000 00:00 0 
d5580000-eaa80000 rw-p 00000000 00:00 0 
eaa80000-100000000 ---p 00000000 00:00 0 
100000000-1000a0000 rw-p 00000000 00:00 0 
1000a0000-140000000 ---p 00000000 00:00 0 
7fd964000000-7fd964021000 rw-p 00000000 00:00 0 
7fd964021000-7fd968000000 ---p 00000000 00:00 0 
7fd968fff000-7fd96c000000 rw-p 00000000 00:00 0 
7fd96c000000-7fd96c021000 rw-p 00000000 00:00 0 
7fd96c021000-7fd970000000 ---p 00000000 00:00 0 
7fd970000000-7fd970021000 rw-p 00000000 00:00 0 
7fd970021000-7fd974000000 ---p 00000000 00:00 0 
7fd974000000-7fd9741d2000 rw-p 00000000 00:00 0 
7fd9741d2000-7fd978000000 ---p 00000000 00:00 0 
7fd978000000-7fd978021000 rw-p 00000000 00:00 0 
7fd978021000-7fd97c000000 ---p 00000000 00:00 0 
7fd97c000000-7fd97c0ac000 rw-p 00000000 00:00 0 
7fd97c0ac000-7fd980000000 ---p 00000000 00:00 0 
7fd980000000-7fd980099000 rw-p 00000000 00:00 0 
7fd980099000-7fd984000000 ---p 00000000 00:00 0 
7fd984000000-7fd984021000 rw-p 00000000 00:00 0 
7fd984021000-7fd988000000 ---p 00000000 00:00 0 
7fd988000000-7fd98818b000 rw-p 00000000 00:00 0 
7fd98818b000-7fd98c000000 ---p 00000000 00:00 0 
7fd98c000000-7fd98c021000 rw-p 00000000 00:00 0 
7fd98c021000-7fd990000000 ---p 00000000 00:00 0 
7fd990000000-7fd990021000 rw-p 00000000 00:00 0 
7fd990021000-7fd994000000 ---p 00000000 00:00 0 
7fd994000000-7fd994021000 rw-p 00000000 00:00 0 
7fd994021000-7fd998000000 ---p 00000000 00:00 0 
7fd999d95000-7fd99adc7000 rw-p 00000000 00:00 0 
7fd99adc7000-7fd99add9000 r-xp 00000000 08:06 1579616                    /usr/lib/jvm/java-8-openjdk-amd64/jre/lib/amd64/libnio.so
7fd99add9000-7fd99afd8000 ---p 00012000 08:06 1579616                    /usr/lib/jvm/java-8-openjdk-amd64/jre/lib/amd64/libnio.so
7fd99afd8000-7fd99afd9000 r--p 00011000 08:06 1579616                    /usr/lib/jvm/java-8-openjdk-amd64/jre/lib/amd64/libnio.so
7fd99afd9000-7fd99afda000 rw-p 00012000 08:06 1579616                    /usr/lib/jvm/java-8-openjdk-amd64/jre/lib/amd64/libnio.so
7fd99afda000-7fd99aff1000 r-xp 00000000 08:06 1579619                    /usr/lib/jvm/java-8-openjdk-amd64/jre/lib/amd64/libnet.so
7fd99aff1000-7fd99b1f0000 ---p 00017000 08:06 1579619                    /usr/lib/jvm/java-8-openjdk-amd64/jre/lib/amd64/libnet.so
7fd99b1f0000-7fd99b1f1000 r--p 00016000 08:06 1579619                    /usr/lib/jvm/java-8-openjdk-amd64/jre/lib/amd64/libnet.so
7fd99b1f1000-7fd99b1f2000 rw-p 00017000 08:06 1579619                    /usr/lib/jvm/java-8-openjdk-amd64/jre/lib/amd64/libnet.so
7fd99b1f2000-7fd99b1f5000 ---p 00000000 00:00 0 
7fd99b1f5000-7fd99b2f3000 rw-p 00000000 00:00 0 
7fd99b2f3000-7fd99b2f4000 ---p 00000000 00:00 0 
7fd99b2f4000-7fd99b3f4000 rw-p 00000000 00:00 0 
7fd99b3f4000-7fd99b3f7000 ---p 00000000 00:00 0 
7fd99b3f7000-7fd99b4f5000 rw-p 00000000 00:00 0 
7fd99b4f5000-7fd99b4f8000 ---p 00000000 00:00 0 
7fd99b4f8000-7fd99b5f6000 rw-p 00000000 00:00 0 
7fd99b5f6000-7fd99b5f9000 ---p 00000000 00:00 0 
7fd99b5f9000-7fd99b6f7000 rw-p 00000000 00:00 0 
7fd99b6f7000-7fd99b6fa000 ---p 00000000 00:00 0 
7fd99b6fa000-7fd99b7f8000 rw-p 00000000 00:00 0 
7fd99b7f8000-7fd99b7fb000 ---p 00000000 00:00 0 
7fd99b7fb000-7fd99b8f9000 rw-p 00000000 00:00 0 
7fd99b8f9000-7fd99b8fc000 ---p 00000000 00:00 0 
7fd99b8fc000-7fd99b9fa000 rw-p 00000000 00:00 0 
7fd99b9fa000-7fd99b9fd000 ---p 00000000 00:00 0 
7fd99b9fd000-7fd99bafb000 rw-p 00000000 00:00 0 
7fd99bafb000-7fd99bafe000 ---p 00000000 00:00 0 
7fd99bafe000-7fd99bbfc000 rw-p 00000000 00:00 0 
7fd99bbfc000-7fd99bbfd000 ---p 00000000 00:00 0 
7fd99bbfd000-7fd99c000000 rw-p 00000000 00:00 0 
7fd99c000000-7fd99c021000 rw-p 00000000 00:00 0 
7fd99c021000-7fd9a0000000 ---p 00000000 00:00 0 
7fd9a0000000-7fd9a0021000 rw-p 00000000 00:00 0 
7fd9a0021000-7fd9a4000000 ---p 00000000 00:00 0 
7fd9a4000000-7fd9a4021000 rw-p 00000000 00:00 0 
7fd9a4021000-7fd9a8000000 ---p 00000000 00:00 0 
7fd9a8000000-7fd9a8021000 rw-p 00000000 00:00 0 
7fd9a8021000-7fd9ac000000 ---p 00000000 00:00 0 
7fd9ac000000-7fd9ac021000 rw-p 00000000 00:00 0 
7fd9ac021000-7fd9b0000000 ---p 00000000 00:00 0 
7fd9b0000000-7fd9b0021000 rw-p 00000000 00:00 0 
7fd9b0021000-7fd9b4000000 ---p 00000000 00:00 0 
7fd9b4000000-7fd9b4021000 rw-p 00000000 00:00 0 
7fd9b4021000-7fd9b8000000 ---p 00000000 00:00 0 
7fd9b8000000-7fd9bc000000 rw-p 00000000 00:00 0 
7fd9bc000000-7fd9bc021000 rw-p 00000000 00:00 0 
7fd9bc021000-7fd9c0000000 ---p 00000000 00:00 0 
7fd9c00fa000-7fd9c1912000 rw-p 00000000 00:00 0 
7fd9c1912000-7fd9c1ae1000 r--s 03c33000 08:06 1577514                    /usr/lib/jvm/java-8-openjdk-amd64/jre/lib/rt.jar
7fd9c1ae1000-7fd9c1fe1000 rw-p 00000000 00:00 0 
7fd9c1fe1000-7fd9c22e1000 ---p 00000000 00:00 0 
7fd9c22e1000-7fd9c26e1000 rw-p 00000000 00:00 0 
7fd9c26e1000-7fd9c26e2000 ---p 00000000 00:00 0 
7fd9c26e2000-7fd9c27e2000 rw-p 00000000 00:00 0 
7fd9c27e2000-7fd9c27e3000 ---p 00000000 00:00 0 
7fd9c27e3000-7fd9c28e3000 rw-p 00000000 00:00 0 
7fd9c28e3000-7fd9c28e4000 ---p 00000000 00:00 0 
7fd9c28e4000-7fd9c29e4000 rw-p 00000000 00:00 0 
7fd9c29e4000-7fd9c29e5000 ---p 00000000 00:00 0 
7fd9c29e5000-7fd9c2ae5000 rw-p 00000000 00:00 0 
7fd9c2ae5000-7fd9c2ae6000 ---p 00000000 00:00 0 
7fd9c2ae6000-7fd9c2be6000 rw-p 00000000 00:00 0 
7fd9c2be6000-7fd9c2be7000 ---p 00000000 00:00 0 
7fd9c2be7000-7fd9c2ce7000 rw-p 00000000 00:00 0 
7fd9c2ce7000-7fd9c2ce8000 ---p 00000000 00:00 0 
7fd9c2ce8000-7fd9c2de8000 rw-p 00000000 00:00 0 
7fd9c2de8000-7fd9c2de9000 ---p 00000000 00:00 0 
7fd9c2de9000-7fd9c303f000 rw-p 00000000 00:00 0 
7fd9c303f000-7fd9c3194000 ---p 00000000 00:00 0 
7fd9c3194000-7fd9c32ea000 rw-p 00000000 00:00 0 
7fd9c32ea000-7fd9c343e000 ---p 00000000 00:00 0 
7fd9c343e000-7fd9c34ea000 rw-p 00000000 00:00 0 
7fd9c34ea000-7fd9c3594000 ---p 00000000 00:00 0 
7fd9c3594000-7fd9c359f000 rw-p 00000000 00:00 0 
7fd9c359f000-7fd9c3955000 ---p 00000000 00:00 0 
7fd9c3955000-7fd9c3bc5000 rwxp 00000000 00:00 0 
7fd9c3bc5000-7fd9d2955000 ---p 00000000 00:00 0 
7fd9d2955000-7fd9d295d000 r-xp 00000000 08:06 1579615                    /usr/lib/jvm/java-8-openjdk-amd64/jre/lib/amd64/libzip.so
7fd9d295d000-7fd9d2b5c000 ---p 00008000 08:06 1579615                    /usr/lib/jvm/java-8-openjdk-amd64/jre/lib/amd64/libzip.so
7fd9d2b5c000-7fd9d2b5d000 r--p 00007000 08:06 1579615                    /usr/lib/jvm/java-8-openjdk-amd64/jre/lib/amd64/libzip.so
7fd9d2b5d000-7fd9d2b5e000 rw-p 00008000 08:06 1579615                    /usr/lib/jvm/java-8-openjdk-amd64/jre/lib/amd64/libzip.so
7fd9d2b5e000-7fd9d2b69000 r-xp 00000000 08:06 6692180                    /lib/x86_64-linux-gnu/libnss_files-2.23.so
7fd9d2b69000-7fd9d2d68000 ---p 0000b000 08:06 6692180                    /lib/x86_64-linux-gnu/libnss_files-2.23.so
7fd9d2d68000-7fd9d2d69000 r--p 0000a000 08:06 6692180                    /lib/x86_64-linux-gnu/libnss_files-2.23.so
7fd9d2d69000-7fd9d2d6a000 rw-p 0000b000 08:06 6692180                    /lib/x86_64-linux-gnu/libnss_files-2.23.so
7fd9d2d6a000-7fd9d2d70000 rw-p 00000000 00:00 0 
7fd9d2d70000-7fd9d2d7b000 r-xp 00000000 08:06 6692184                    /lib/x86_64-linux-gnu/libnss_nis-2.23.so
7fd9d2d7b000-7fd9d2f7a000 ---p 0000b000 08:06 6692184                    /lib/x86_64-linux-gnu/libnss_nis-2.23.so
7fd9d2f7a000-7fd9d2f7b000 r--p 0000a000 08:06 6692184                    /lib/x86_64-linux-gnu/libnss_nis-2.23.so
7fd9d2f7b000-7fd9d2f7c000 rw-p 0000b000 08:06 6692184                    /lib/x86_64-linux-gnu/libnss_nis-2.23.so
7fd9d2f7c000-7fd9d2ffc000 rw-p 00000000 00:00 0 
7fd9d2ffc000-7fd9d30b8000 r-xp 00000000 08:06 3801459                    /home/eos/anaconda2/lib/python2.7/site-packages/numpy/random/mtrand.so
7fd9d30b8000-7fd9d32b8000 ---p 000bc000 08:06 3801459                    /home/eos/anaconda2/lib/python2.7/site-packages/numpy/random/mtrand.so
7fd9d32b8000-7fd9d32dd000 rw-p 000bc000 08:06 3801459                    /home/eos/anaconda2/lib/python2.7/site-packages/numpy/random/mtrand.so
7fd9d32dd000-7fd9d32df000 rw-p 00000000 00:00 0 
7fd9d32df000-7fd9d32e8000 r-xp 00000000 08:06 7608963                    /home/eos/anaconda2/lib/python2.7/site-packages/numpy/fft/fftpack_lite.so
7fd9d32e8000-7fd9d34e8000 ---p 00009000 08:06 7608963                    /home/eos/anaconda2/lib/python2.7/site-packages/numpy/fft/fftpack_lite.so
7fd9d34e8000-7fd9d34e9000 rw-p 00009000 08:06 7608963                    /home/eos/anaconda2/lib/python2.7/site-packages/numpy/fft/fftpack_lite.so
7fd9d34e9000-7fd9d3508000 r-xp 00000000 08:06 3677522                    /home/eos/anaconda2/lib/python2.7/site-packages/numpy/core/_multiarray_tests.so
7fd9d3508000-7fd9d3707000 ---p 0001f000 08:06 3677522                    /home/eos/anaconda2/lib/python2.7/site-packages/numpy/core/_multiarray_tests.so
7fd9d3707000-7fd9d3709000 rw-p 0001e000 08:06 3677522                    /home/eos/anaconda2/lib/python2.7/site-packages/numpy/core/_multiarray_tests.so
7fd9d3709000-7fd9d370a000 r-xp 00000000 08:06 5769273                    /home/eos/anaconda2/lib/python2.7/lib-dynload/future_builtins.so
7fd9d370a000-7fd9d390a000 ---p 00001000 08:06 5769273                    /home/eos/anaconda2/lib/python2.7/lib-dynload/future_builtins.so
7fd9d390a000-7fd9d390b000 rw-p 00001000 08:06 5769273                    /home/eos/anaconda2/lib/python2.7/lib-dynload/future_builtins.so
7fd9d390b000-7fd9d3935000 r-xp 00000000 08:06 3801439                    /home/eos/anaconda2/lib/python2.7/site-packages/numpy/linalg/_umath_linalg.so
7fd9d3935000-7fd9d3b35000 ---p 0002a000 08:06 3801439                    /home/eos/anaconda2/lib/python2.7/site-packages/numpy/linalg/_umath_linalg.so
7fd9d3b35000-7fd9d3b3a000 rw-p 0002a000 08:06 3801439                    /home/eos/anaconda2/lib/python2.7/site-packages/numpy/linalg/_umath_linalg.so
7fd9d3b3a000-7fd9d3b3e000 r-xp 00000000 08:06 3801432                    /home/eos/anaconda2/lib/python2.7/site-packages/numpy/linalg/lapack_lite.so
7fd9d3b3e000-7fd9d3d3e000 ---p 00004000 08:06 3801432                    /home/eos/anaconda2/lib/python2.7/site-packages/numpy/linalg/lapack_lite.so
7fd9d3d3e000-7fd9d3d41000 rw-p 00004000 08:06 3801432                    /home/eos/anaconda2/lib/python2.7/site-packages/numpy/linalg/lapack_lite.so
7fd9d3d41000-7fd9d9d41000 rw-p 00000000 00:00 0 
7fd9d9d41000-7fd9d9ef3000 r-xp 00000000 08:06 3677545                    /home/eos/anaconda2/lib/python2.7/site-packages/numpy/core/umath.so
7fd9d9ef3000-7fd9da0f2000 ---p 001b2000 08:06 3677545                    /home/eos/anaconda2/lib/python2.7/site-packages/numpy/core/umath.so
7fd9da0f2000-7fd9da0f9000 rw-p 001b1000 08:06 3677545                    /home/eos/anaconda2/lib/python2.7/site-packages/numpy/core/umath.so
7fd9da0f9000-7fd9da0fb000 rw-p 00000000 00:00 0 
7fd9da0fb000-7fd9da0fc000 ---p 00000000 00:00 0 
7fd9da0fc000-7fd9da8fc000 rw-p 00000000 00:00 0 
7fd9da8fc000-7fd9da8fd000 ---p 00000000 00:00 0 
7fd9da8fd000-7fd9db0fd000 rw-p 00000000 00:00 0 
7fd9db0fd000-7fd9df0fd000 rw-p 00000000 00:00 0 
7fd9df0fd000-7fd9df0fe000 ---p 00000000 00:00 0 
7fd9df0fe000-7fd9df8fe000 rw-p 00000000 00:00 0 
7fd9df8fe000-7fd9e38fe000 rw-p 00000000 00:00 0 
7fd9e38fe000-7fd9e38ff000 ---p 00000000 00:00 0 
7fd9e38ff000-7fd9e40ff000 rw-p 00000000 00:00 0 
7fd9e4112000-7fd9e4152000 rw-p 00000000 00:00 0 
7fd9e4152000-7fd9e4168000 r-xp 00000000 08:06 6692162                    /lib/x86_64-linux-gnu/libnsl-2.23.so
7fd9e4168000-7fd9e4367000 ---p 00016000 08:06 6692162                    /lib/x86_64-linux-gnu/libnsl-2.23.so
7fd9e4367000-7fd9e4368000 r--p 00015000 08:06 6692162                    /lib/x86_64-linux-gnu/libnsl-2.23.so
7fd9e4368000-7fd9e4369000 rw-p 00016000 08:06 6692162                    /lib/x86_64-linux-gnu/libnsl-2.23.so
7fd9e4369000-7fd9e436b000 rw-p 00000000 00:00 0 
7fd9e436b000-7fd9e4373000 r-xp 00000000 08:06 6692175                    /lib/x86_64-linux-gnu/libnss_compat-2.23.so
7fd9e4373000-7fd9e4572000 ---p 00008000 08:06 6692175                    /lib/x86_64-linux-gnu/libnss_compat-2.23.so
7fd9e4572000-7fd9e4573000 r--p 00007000 08:06 6692175                    /lib/x86_64-linux-gnu/libnss_compat-2.23.so
7fd9e4573000-7fd9e4574000 rw-p 00008000 08:06 6692175                    /lib/x86_64-linux-gnu/libnss_compat-2.23.so
7fd9e4574000-7fd9e45a1000 r-xp 00000000 08:06 1579620                    /usr/lib/jvm/java-8-openjdk-amd64/jre/lib/amd64/libjava.so
7fd9e45a1000-7fd9e47a0000 ---p 0002d000 08:06 1579620                    /usr/lib/jvm/java-8-openjdk-amd64/jre/lib/amd64/libjava.so
7fd9e47a0000-7fd9e47a1000 r--p 0002c000 08:06 1579620                    /usr/lib/jvm/java-8-openjdk-amd64/jre/lib/amd64/libjava.so
7fd9e47a1000-7fd9e47a3000 rw-p 0002d000 08:06 1579620                    /usr/lib/jvm/java-8-openjdk-amd64/jre/lib/amd64/libjava.so
7fd9e47a3000-7fd9e47b2000 r-xp 00000000 08:06 1579577                    /usr/lib/jvm/java-8-openjdk-amd64/jre/lib/amd64/libverify.so
7fd9e47b2000-7fd9e49b1000 ---p 0000f000 08:06 1579577                    /usr/lib/jvm/java-8-openjdk-amd64/jre/lib/amd64/libverify.so
7fd9e49b1000-7fd9e49b3000 r--p 0000e000 08:06 1579577                    /usr/lib/jvm/java-8-openjdk-amd64/jre/lib/amd64/libverify.so
7fd9e49b3000-7fd9e49b4000 rw-p 00010000 08:06 1579577                    /usr/lib/jvm/java-8-openjdk-amd64/jre/lib/amd64/libverify.so
7fd9e49b4000-7fd9e5615000 r-xp 00000000 08:06 1706422                    /usr/lib/jvm/java-8-openjdk-amd64/jre/lib/amd64/server/libjvm.so
7fd9e5615000-7fd9e5815000 ---p 00c61000 08:06 1706422                    /usr/lib/jvm/java-8-openjdk-amd64/jre/lib/amd64/server/libjvm.so
7fd9e5815000-7fd9e58a9000 r--p 00c61000 08:06 1706422                    /usr/lib/jvm/java-8-openjdk-amd64/jre/lib/amd64/server/libjvm.so
7fd9e58a9000-7fd9e58d2000 rw-p 00cf5000 08:06 1706422                    /usr/lib/jvm/java-8-openjdk-amd64/jre/lib/amd64/server/libjvm.so
7fd9e58d2000-7fd9e5902000 rw-p 00000000 00:00 0 
7fd9e5902000-7fd9e7cdf000 r-xp 00000000 08:06 7997138                    /home/eos/anaconda2/lib/python2.7/site-packages/numpy/.libs/libopenblasp-r0-8dca6697.3.0.dev.so
7fd9e7cdf000-7fd9e7ede000 ---p 023dd000 08:06 7997138                    /home/eos/anaconda2/lib/python2.7/site-packages/numpy/.libs/libopenblasp-r0-8dca6697.3.0.dev.so
7fd9e7ede000-7fd9e7efe000 rw-p 023dc000 08:06 7997138                    /home/eos/anaconda2/lib/python2.7/site-packages/numpy/.libs/libopenblasp-r0-8dca6697.3.0.dev.so
7fd9e7efe000-7fd9e7f61000 rw-p 00000000 00:00 0 
7fd9e7f61000-7fd9e8000000 rw-p 02501000 08:06 7997138                    /home/eos/anaconda2/lib/python2.7/site-packages/numpy/.libs/libopenblasp-r0-8dca6697.3.0.dev.so
7fd9e8000000-7fd9e8021000 rw-p 00000000 00:00 0 
7fd9e8021000-7fd9ec000000 ---p 00000000 00:00 0 
7fd9ec000000-7fd9ec021000 rw-p 00000000 00:00 0 
7fd9ec021000-7fd9f0000000 ---p 00000000 00:00 0 
7fd9f0000000-7fd9f0021000 rw-p 00000000 00:00 0 
7fd9f0021000-7fd9f4000000 ---p 00000000 00:00 0 
7fd9f403b000-7fd9f427b000 rw-p 00000000 00:00 0 
7fd9f427b000-7fd9f436b000 r-xp 00000000 08:06 7997137                    /home/eos/anaconda2/lib/python2.7/site-packages/numpy/.libs/libgfortran-ed201abd.so.3.0.0
7fd9f436b000-7fd9f456a000 ---p 000f0000 08:06 7997137                    /home/eos/anaconda2/lib/python2.7/site-packages/numpy/.libs/libgfortran-ed201abd.so.3.0.0
7fd9f456a000-7fd9f456c000 rw-p 000ef000 08:06 7997137                    /home/eos/anaconda2/lib/python2.7/site-packages/numpy/.libs/libgfortran-ed201abd.so.3.0.0
7fd9f456c000-7fd9f456d000 rw-p 00000000 00:00 0 
7fd9f456d000-7fd9f4575000 rw-p 000f2000 08:06 7997137                    /home/eos/anaconda2/lib/python2.7/site-packages/numpy/.libs/libgfortran-ed201abd.so.3.0.0
7fd9f4575000-7fd9f474f000 r-xp 00000000 08:06 3677525                    /home/eos/anaconda2/lib/python2.7/site-packages/numpy/core/multiarray.so
7fd9f474f000-7fd9f494e000 ---p 001da000 08:06 3677525                    /home/eos/anaconda2/lib/python2.7/site-packages/numpy/core/multiarray.so
7fd9f494e000-7fd9f4968000 rw-p 001d9000 08:06 3677525                    /home/eos/anaconda2/lib/python2.7/site-packages/numpy/core/multiarray.so
7fd9f4968000-7fd9f4986000 rw-p 00000000 00:00 0 
7fd9f4986000-7fd9f498d000 rw-p 001f3000 08:06 3677525                    /home/eos/anaconda2/lib/python2.7/site-packages/numpy/core/multiarray.so
7fd9f498d000-7fd9f4a0d000 r-xp 00000000 08:06 5823738                    /home/eos/anaconda2/lib/python2.7/site-packages/_jpype.so
7fd9f4a0d000-7fd9f4c0d000 ---p 00080000 08:06 5823738                    /home/eos/anaconda2/lib/python2.7/site-packages/_jpype.so
7fd9f4c0d000-7fd9f4c0f000 r--p 00080000 08:06 5823738                    /home/eos/anaconda2/lib/python2.7/site-packages/_jpype.so
7fd9f4c0f000-7fd9f4c13000 rw-p 00082000 08:06 5823738                    /home/eos/anaconda2/lib/python2.7/site-packages/_jpype.so
7fd9f4c13000-7fd9f4c14000 ---p 00000000 00:00 0 
7fd9f4c14000-7fd9f5414000 rw-p 00000000 00:00 0 
7fd9f5414000-7fd9f5415000 ---p 00000000 00:00 0 
7fd9f5415000-7fd9f5c15000 rw-p 00000000 00:00 0 
7fd9f5c15000-7fd9f5c16000 ---p 00000000 00:00 0 
7fd9f5c16000-7fd9f6416000 rw-p 00000000 00:00 0 
7fd9f6416000-7fd9f6432000 r-xp 00000000 08:06 6425473                    /home/eos/anaconda2/lib/python2.7/site-packages/sip.so
7fd9f6432000-7fd9f6632000 ---p 0001c000 08:06 6425473                    /home/eos/anaconda2/lib/python2.7/site-packages/sip.so
7fd9f6632000-7fd9f6635000 rw-p 0001c000 08:06 6425473                    /home/eos/anaconda2/lib/python2.7/site-packages/sip.so
7fd9f6635000-7fd9f6678000 r-xp 00000000 08:06 6165830                    /home/eos/anaconda2/lib/libpcre.so.1.2.7
7fd9f6678000-7fd9f6877000 ---p 00043000 08:06 6165830                    /home/eos/anaconda2/lib/libpcre.so.1.2.7
7fd9f6877000-7fd9f6878000 rw-p 00042000 08:06 6165830                    /home/eos/anaconda2/lib/libpcre.so.1.2.7
7fd9f6878000-7fd9f698c000 r-xp 00000000 08:06 5776687                    /home/eos/anaconda2/lib/libglib-2.0.so.0.5000.2
7fd9f698c000-7fd9f6b8b000 ---p 00114000 08:06 5776687                    /home/eos/anaconda2/lib/libglib-2.0.so.0.5000.2
7fd9f6b8b000-7fd9f6b8e000 rw-p 00113000 08:06 5776687                    /home/eos/anaconda2/lib/libglib-2.0.so.0.5000.2
7fd9f6b8e000-7fd9f6b8f000 rw-p 00000000 00:00 0 
7fd9f6b8f000-7fd9f6b96000 r-xp 00000000 08:06 6692185                    /lib/x86_64-linux-gnu/librt-2.23.so
7fd9f6b96000-7fd9f6d95000 ---p 00007000 08:06 6692185                    /lib/x86_64-linux-gnu/librt-2.23.so
7fd9f6d95000-7fd9f6d96000 r--p 00006000 08:06 6692185                    /lib/x86_64-linux-gnu/librt-2.23.so
7fd9f6d96000-7fd9f6d97000 rw-p 00007000 08:06 6692185                    /lib/x86_64-linux-gnu/librt-2.23.so
7fd9f6d97000-7fd9f6d98000 r-xp 00000000 08:06 5901189                    /home/eos/anaconda2/lib/libgthread-2.0.so.0.5000.2
7fd9f6d98000-7fd9f6f97000 ---p 00001000 08:06 5901189                    /home/eos/anaconda2/lib/libgthread-2.0.so.0.5000.2
7fd9f6f97000-7fd9f6f98000 rw-p 00000000 08:06 5901189                    /home/eos/anaconda2/lib/libgthread-2.0.so.0.5000.2
7fd9f6f98000-7fd9f87c2000 r--p 00000000 08:06 5902522                    /home/eos/anaconda2/lib/libicudata.so.54.1
7fd9f87c2000-7fd9f89c1000 ---p 0182a000 08:06 5902522                    /home/eos/anaconda2/lib/libicudata.so.54.1
7fd9f89c1000-7fd9f89c2000 rw-p 01829000 08:06 5902522                    /home/eos/anaconda2/lib/libicudata.so.54.1
7fd9f89c2000-7fd9f8b4b000 r-xp 00000000 08:06 5902543                    /home/eos/anaconda2/lib/libicuuc.so.54.1
7fd9f8b4b000-7fd9f8d4a000 ---p 00189000 08:06 5902543                    /home/eos/anaconda2/lib/libicuuc.so.54.1
7fd9f8d4a000-7fd9f8d5d000 rw-p 00188000 08:06 5902543                    /home/eos/anaconda2/lib/libicuuc.so.54.1
7fd9f8d5d000-7fd9f8d60000 rw-p 00000000 00:00 0 
7fd9f8d60000-7fd9f8fb3000 r-xp 00000000 08:06 5902525                    /home/eos/anaconda2/lib/libicui18n.so.54.1
7fd9f8fb3000-7fd9f91b3000 ---p 00253000 08:06 5902525                    /home/eos/anaconda2/lib/libicui18n.so.54.1
7fd9f91b3000-7fd9f91c4000 rw-p 00253000 08:06 5902525                    /home/eos/anaconda2/lib/libicui18n.so.54.1
7fd9f91c4000-7fd9f9258000 r--p 00000000 08:06 7481593                    /home/eos/anaconda2/lib/libstdc++.so.6.0.25
7fd9f9258000-7fd9f92bd000 r-xp 00094000 08:06 7481593                    /home/eos/anaconda2/lib/libstdc++.so.6.0.25
7fd9f92bd000-7fd9f92f4000 r--p 000f9000 08:06 7481593                    /home/eos/anaconda2/lib/libstdc++.so.6.0.25
7fd9f92f4000-7fd9f92fe000 r--p 0012f000 08:06 7481593                    /home/eos/anaconda2/lib/libstdc++.so.6.0.25
7fd9f92fe000-7fd9f9302000 rw-p 00139000 08:06 7481593                    /home/eos/anaconda2/lib/libstdc++.so.6.0.25
7fd9f9302000-7fd9f9305000 rw-p 00000000 00:00 0 
7fd9f9305000-7fd9f9842000 r-xp 00000000 08:06 5777289                    /home/eos/anaconda2/lib/libQt5Core.so.5.6.2
7fd9f9842000-7fd9f9a41000 ---p 0053d000 08:06 5777289                    /home/eos/anaconda2/lib/libQt5Core.so.5.6.2
7fd9f9a41000-7fd9f9a4e000 r--p 0053c000 08:06 5777289                    /home/eos/anaconda2/lib/libQt5Core.so.5.6.2
7fd9f9a4e000-7fd9f9a4f000 rw-p 00549000 08:06 5777289                    /home/eos/anaconda2/lib/libQt5Core.so.5.6.2
7fd9f9a4f000-7fd9f9a53000 rw-p 00000000 00:00 0 
7fd9f9a53000-7fd9f9cd6000 r-xp 00000000 08:06 6947126                    /home/eos/anaconda2/lib/python2.7/site-packages/PyQt5/QtCore.so
7fd9f9cd6000-7fd9f9ed6000 ---p 00283000 08:06 6947126                    /home/eos/anaconda2/lib/python2.7/site-packages/PyQt5/QtCore.so
7fd9f9ed6000-7fd9f9eda000 r--p 00283000 08:06 6947126                    /home/eos/anaconda2/lib/python2.7/site-packages/PyQt5/QtCore.so
7fd9f9eda000-7fd9f9f41000 rw-p 00287000 08:06 6947126                    /home/eos/anaconda2/lib/python2.7/site-packages/PyQt5/QtCore.so
7fd9f9f41000-7fd9f9f44000 r-xp 00000000 08:06 6429368                    /home/eos/anaconda2/lib/python2.7/site-packages/_posixsubprocess.so
7fd9f9f44000-7fd9fa144000 ---p 00003000 08:06 6429368                    /home/eos/anaconda2/lib/python2.7/site-packages/_posixsubprocess.so
7fd9fa144000-7fd9fa145000 rw-p 00003000 08:06 6429368                    /home/eos/anaconda2/lib/python2.7/site-packages/_posixsubprocess.so
7fd9fa145000-7fd9fa586000 rw-p 00000000 00:00 0 
7fd9fa586000-7fd9fa58a000 r-xp 00000000 08:06 5769253                    /home/eos/anaconda2/lib/python2.7/lib-dynload/_lsprof.so
7fd9fa58a000-7fd9fa789000 ---p 00004000 08:06 5769253                    /home/eos/anaconda2/lib/python2.7/lib-dynload/_lsprof.so
7fd9fa789000-7fd9fa78a000 rw-p 00003000 08:06 5769253                    /home/eos/anaconda2/lib/python2.7/lib-dynload/_lsprof.so
7fd9fa78a000-7fd9fa84b000 rw-p 00000000 00:00 0 
7fd9fa84b000-7fd9fa8e1000 r-xp 00000000 08:06 5769292                    /home/eos/anaconda2/lib/python2.7/lib-dynload/unicodedata.so
7fd9fa8e1000-7fd9faae0000 ---p 00096000 08:06 5769292                    /home/eos/anaconda2/lib/python2.7/lib-dynload/unicodedata.so
7fd9faae0000-7fd9faaf4000 rw-p 00095000 08:06 5769292                    /home/eos/anaconda2/lib/python2.7/lib-dynload/unicodedata.so
7fd9faaf4000-7fd9facb4000 rw-p 00000000 00:00 0 
7fd9facb4000-7fd9facb6000 r-xp 00000000 08:06 5769232                    /home/eos/anaconda2/lib/python2.7/lib-dynload/_bisect.so
7fd9facb6000-7fd9faeb5000 ---p 00002000 08:06 5769232                    /home/eos/anaconda2/lib/python2.7/lib-dynload/_bisect.so
7fd9faeb5000-7fd9faeb6000 rw-p 00001000 08:06 5769232                    /home/eos/anaconda2/lib/python2.7/lib-dynload/_bisect.so
7fd9faeb6000-7fd9faf76000 rw-p 00000000 00:00 0 
7fd9faf76000-7fd9fb03b000 r-xp 00000000 08:06 6427922                    /home/eos/anaconda2/lib/libsqlite3.so.0.8.6
7fd9fb03b000-7fd9fb23b000 ---p 000c5000 08:06 6427922                    /home/eos/anaconda2/lib/libsqlite3.so.0.8.6
7fd9fb23b000-7fd9fb23f000 rw-p 000c5000 08:06 6427922                    /home/eos/anaconda2/lib/libsqlite3.so.0.8.6
7fd9fb23f000-7fd9fb240000 rw-p 00000000 00:00 0 
7fd9fb240000-7fd9fb251000 r-xp 00000000 08:06 5769258                    /home/eos/anaconda2/lib/python2.7/lib-dynload/_sqlite3.so
7fd9fb251000-7fd9fb451000 ---p 00011000 08:06 5769258                    /home/eos/anaconda2/lib/python2.7/lib-dynload/_sqlite3.so
7fd9fb451000-7fd9fb454000 rw-p 00011000 08:06 5769258                    /home/eos/anaconda2/lib/python2.7/lib-dynload/_sqlite3.so
7fd9fb454000-7fd9fb494000 rw-p 00000000 00:00 0 
7fd9fb494000-7fd9fb4a7000 r-xp 00000000 08:06 5769267                    /home/eos/anaconda2/lib/python2.7/lib-dynload/cPickle.so
7fd9fb4a7000-7fd9fb6a6000 ---p 00013000 08:06 5769267                    /home/eos/anaconda2/lib/python2.7/lib-dynload/cPickle.so
7fd9fb6a6000-7fd9fb6a8000 rw-p 00012000 08:06 5769267                    /home/eos/anaconda2/lib/python2.7/lib-dynload/cPickle.so
7fd9fb6a8000-7fd9fb7e8000 rw-p 00000000 00:00 0 
7fd9fb7e8000-7fd9fb7ea000 r-xp 00000000 08:06 5769285                    /home/eos/anaconda2/lib/python2.7/lib-dynload/resource.so
7fd9fb7ea000-7fd9fb9ea000 ---p 00002000 08:06 5769285                    /home/eos/anaconda2/lib/python2.7/lib-dynload/resource.so
7fd9fb9ea000-7fd9fb9eb000 rw-p 00002000 08:06 5769285                    /home/eos/anaconda2/lib/python2.7/lib-dynload/resource.so
7fd9fb9eb000-7fd9fb9ef000 r-xp 00000000 08:06 5769290                    /home/eos/anaconda2/lib/python2.7/lib-dynload/termios.so
7fd9fb9ef000-7fd9fbbef000 ---p 00004000 08:06 5769290                    /home/eos/anaconda2/lib/python2.7/lib-dynload/termios.so
7fd9fbbef000-7fd9fbbf1000 rw-p 00004000 08:06 5769290                    /home/eos/anaconda2/lib/python2.7/lib-dynload/termios.so
7fd9fbbf1000-7fd9fbd31000 rw-p 00000000 00:00 0 
7fd9fbd41000-7fd9fbe01000 rw-p 00000000 00:00 0 
7fd9fbe01000-7fd9fbe6b000 r-xp 00000000 08:06 6309073                    /home/eos/.IdeaIC2018.1/system/cythonExtensions/_pydevd_bundle_ext/pydevd_cython.so
7fd9fbe6b000-7fd9fc06a000 ---p 0006a000 08:06 6309073                    /home/eos/.IdeaIC2018.1/system/cythonExtensions/_pydevd_bundle_ext/pydevd_cython.so
7fd9fc06a000-7fd9fc06b000 r--p 00069000 08:06 6309073                    /home/eos/.IdeaIC2018.1/system/cythonExtensions/_pydevd_bundle_ext/pydevd_cython.so
7fd9fc06b000-7fd9fc070000 rw-p 0006a000 08:06 6309073                    /home/eos/.IdeaIC2018.1/system/cythonExtensions/_pydevd_bundle_ext/pydevd_cython.so
7fd9fc070000-7fd9fc0b1000 rw-p 00000000 00:00 0 
7fd9fc0b1000-7fd9fc0b3000 r-xp 00000000 08:06 5769274                    /home/eos/anaconda2/lib/python2.7/lib-dynload/grp.so
7fd9fc0b3000-7fd9fc2b2000 ---p 00002000 08:06 5769274                    /home/eos/anaconda2/lib/python2.7/lib-dynload/grp.so
7fd9fc2b2000-7fd9fc2b3000 rw-p 00001000 08:06 5769274                    /home/eos/anaconda2/lib/python2.7/lib-dynload/grp.so
7fd9fc2b3000-7fd9fc573000 rw-p 00000000 00:00 0 
7fd9fc573000-7fd9fc594000 r-xp 00000000 08:06 5769241                    /home/eos/anaconda2/lib/python2.7/lib-dynload/_ctypes.so
7fd9fc594000-7fd9fc793000 ---p 00021000 08:06 5769241                    /home/eos/anaconda2/lib/python2.7/lib-dynload/_ctypes.so
7fd9fc793000-7fd9fc798000 rw-p 00020000 08:06 5769241                    /home/eos/anaconda2/lib/python2.7/lib-dynload/_ctypes.so
7fd9fc798000-7fd9fc7a0000 r-xp 00000000 08:06 5769251                    /home/eos/anaconda2/lib/python2.7/lib-dynload/_json.so
7fd9fc7a0000-7fd9fc9a0000 ---p 00008000 08:06 5769251                    /home/eos/anaconda2/lib/python2.7/lib-dynload/_json.so
7fd9fc9a0000-7fd9fc9a1000 rw-p 00008000 08:06 5769251                    /home/eos/anaconda2/lib/python2.7/lib-dynload/_json.so
7fd9fc9a1000-7fd9fcb21000 rw-p 00000000 00:00 0 
7fd9fcb21000-7fd9fcb56000 r-xp 00000000 08:06 5769283                    /home/eos/anaconda2/lib/python2.7/lib-dynload/pyexpat.so
7fd9fcb56000-7fd9fcd55000 ---p 00035000 08:06 5769283                    /home/eos/anaconda2/lib/python2.7/lib-dynload/pyexpat.so
7fd9fcd55000-7fd9fcd59000 rw-p 00034000 08:06 5769283                    /home/eos/anaconda2/lib/python2.7/lib-dynload/pyexpat.so
7fd9fcd59000-7fd9fcd6b000 r-xp 00000000 08:06 5769271                    /home/eos/anaconda2/lib/python2.7/lib-dynload/datetime.so
7fd9fcd6b000-7fd9fcf6a000 ---p 00012000 08:06 5769271                    /home/eos/anaconda2/lib/python2.7/lib-dynload/datetime.so
7fd9fcf6a000-7fd9fcf6e000 rw-p 00011000 08:06 5769271                    /home/eos/anaconda2/lib/python2.7/lib-dynload/datetime.so
7fd9fcf6e000-7fd9fcf73000 r-xp 00000000 08:06 5769293                    /home/eos/anaconda2/lib/python2.7/lib-dynload/zlib.so
7fd9fcf73000-7fd9fd172000 ---p 00005000 08:06 5769293                    /home/eos/anaconda2/lib/python2.7/lib-dynload/zlib.so
7fd9fd172000-7fd9fd174000 rw-p 00004000 08:06 5769293                    /home/eos/anaconda2/lib/python2.7/lib-dynload/zlib.so
7fd9fd174000-7fd9fd1b4000 rw-p 00000000 00:00 0 
7fd9fd1b4000-7fd9fd1bb000 r-xp 00000000 08:06 5769260                    /home/eos/anaconda2/lib/python2.7/lib-dynload/_struct.so
7fd9fd1bb000-7fd9fd3bb000 ---p 00007000 08:06 5769260                    /home/eos/anaconda2/lib/python2.7/lib-dynload/_struct.so
7fd9fd3bb000-7fd9fd3bd000 rw-p 00007000 08:06 5769260                    /home/eos/anaconda2/lib/python2.7/lib-dynload/_struct.so
7fd9fd3bd000-7fd9fd3c0000 r-xp 00000000 08:06 5769272                    /home/eos/anaconda2/lib/python2.7/lib-dynload/fcntl.so
7fd9fd3c0000-7fd9fd5bf000 ---p 00003000 08:06 5769272                    /home/eos/anaconda2/lib/python2.7/lib-dynload/fcntl.so
7fd9fd5bf000-7fd9fd5c1000 rw-p 00002000 08:06 5769272                    /home/eos/anaconda2/lib/python2.7/lib-dynload/fcntl.so
7fd9fd5c1000-7fd9fd601000 rw-p 00000000 00:00 0 
7fd9fd601000-7fd9fd604000 r-xp 00000000 08:06 5769256                    /home/eos/anaconda2/lib/python2.7/lib-dynload/_random.so
7fd9fd604000-7fd9fd803000 ---p 00003000 08:06 5769256                    /home/eos/anaconda2/lib/python2.7/lib-dynload/_random.so
7fd9fd803000-7fd9fd804000 rw-p 00002000 08:06 5769256                    /home/eos/anaconda2/lib/python2.7/lib-dynload/_random.so
7fd9fd804000-7fd9fd808000 r-xp 00000000 08:06 5769247                    /home/eos/anaconda2/lib/python2.7/lib-dynload/_hashlib.so
7fd9fd808000-7fd9fda08000 ---p 00004000 08:06 5769247                    /home/eos/anaconda2/lib/python2.7/lib-dynload/_hashlib.so
7fd9fda08000-7fd9fda09000 rw-p 00004000 08:06 5769247                    /home/eos/anaconda2/lib/python2.7/lib-dynload/_hashlib.so
7fd9fda09000-7fd9fda1f000 r-xp 00000000 08:06 6554542                    /home/eos/anaconda2/lib/libz.so.1.2.8
7fd9fda1f000-7fd9fdc1e000 ---p 00016000 08:06 6554542                    /home/eos/anaconda2/lib/libz.so.1.2.8
7fd9fdc1e000-7fd9fdc1f000 rw-p 00015000 08:06 6554542                    /home/eos/anaconda2/lib/libz.so.1.2.8
7fd9fdc1f000-7fd9fdc23000 r-xp 00000000 08:06 5769265                    /home/eos/anaconda2/lib/python2.7/lib-dynload/binascii.so
7fd9fdc23000-7fd9fde23000 ---p 00004000 08:06 5769265                    /home/eos/anaconda2/lib/python2.7/lib-dynload/binascii.so
7fd9fde23000-7fd9fde24000 rw-p 00004000 08:06 5769265                    /home/eos/anaconda2/lib/python2.7/lib-dynload/binascii.so
7fd9fde24000-7fd9fde2c000 r-xp 00000000 08:06 5769277                    /home/eos/anaconda2/lib/python2.7/lib-dynload/math.so
7fd9fde2c000-7fd9fe02b000 ---p 00008000 08:06 5769277                    /home/eos/anaconda2/lib/python2.7/lib-dynload/math.so
7fd9fe02b000-7fd9fe02d000 rw-p 00007000 08:06 5769277                    /home/eos/anaconda2/lib/python2.7/lib-dynload/math.so
7fd9fe02d000-7fd9fe04b000 r-xp 00000000 08:06 5769250                    /home/eos/anaconda2/lib/python2.7/lib-dynload/_io.so
7fd9fe04b000-7fd9fe24a000 ---p 0001e000 08:06 5769250                    /home/eos/anaconda2/lib/python2.7/lib-dynload/_io.so
7fd9fe24a000-7fd9fe254000 rw-p 0001d000 08:06 5769250                    /home/eos/anaconda2/lib/python2.7/lib-dynload/_io.so
7fd9fe254000-7fd9fe25d000 r-xp 00000000 08:06 5769263                    /home/eos/anaconda2/lib/python2.7/lib-dynload/array.so
7fd9fe25d000-7fd9fe45c000 ---p 00009000 08:06 5769263                    /home/eos/anaconda2/lib/python2.7/lib-dynload/array.so
7fd9fe45c000-7fd9fe45f000 rw-p 00008000 08:06 5769263                    /home/eos/anaconda2/lib/python2.7/lib-dynload/array.so
7fd9fe45f000-7fd9fe464000 r-xp 00000000 08:06 5769286                    /home/eos/anaconda2/lib/python2.7/lib-dynload/select.so
7fd9fe464000-7fd9fe663000 ---p 00005000 08:06 5769286                    /home/eos/anaconda2/lib/python2.7/lib-dynload/select.so
7fd9fe663000-7fd9fe665000 rw-p 00004000 08:06 5769286                    /home/eos/anaconda2/lib/python2.7/lib-dynload/select.so
7fd9fe665000-7fd9fe669000 r-xp 00000000 08:06 5769268                    /home/eos/anaconda2/lib/python2.7/lib-dynload/cStringIO.so
7fd9fe669000-7fd9fe868000 ---p 00004000 08:06 5769268                    /home/eos/anaconda2/lib/python2.7/lib-dynload/cStringIO.so
7fd9fe868000-7fd9fe86a000 rw-p 00003000 08:06 5769268                    /home/eos/anaconda2/lib/python2.7/lib-dynload/cStringIO.so
7fd9fe86a000-7fd9fea81000 r-xp 00000000 08:06 8004382                    /home/eos/anaconda2/lib/libcrypto.so.1.0.0
7fd9fea81000-7fd9fec80000 ---p 00217000 08:06 8004382                    /home/eos/anaconda2/lib/libcrypto.so.1.0.0
7fd9fec80000-7fd9fec9c000 r--p 00216000 08:06 8004382                    /home/eos/anaconda2/lib/libcrypto.so.1.0.0
7fd9fec9c000-7fd9feca7000 rw-p 00232000 08:06 8004382                    /home/eos/anaconda2/lib/libcrypto.so.1.0.0
7fd9feca7000-7fd9fecab000 rw-p 00000000 00:00 0 
7fd9fecab000-7fd9fed17000 r-xp 00000000 08:06 8012376                    /home/eos/anaconda2/lib/libssl.so.1.0.0
7fd9fed17000-7fd9fef16000 ---p 0006c000 08:06 8012376                    /home/eos/anaconda2/lib/libssl.so.1.0.0
7fd9fef16000-7fd9fef1b000 r--p 0006b000 08:06 8012376                    /home/eos/anaconda2/lib/libssl.so.1.0.0
7fd9fef1b000-7fd9fef21000 rw-p 00070000 08:06 8012376                    /home/eos/anaconda2/lib/libssl.so.1.0.0
7fd9fef21000-7fd9fef35000 r-xp 00000000 08:06 5769259                    /home/eos/anaconda2/lib/python2.7/lib-dynload/_ssl.so
7fd9fef35000-7fd9ff135000 ---p 00014000 08:06 5769259                    /home/eos/anaconda2/lib/python2.7/lib-dynload/_ssl.so
7fd9ff135000-7fd9ff139000 rw-p 00014000 08:06 5769259                    /home/eos/anaconda2/lib/python2.7/lib-dynload/_ssl.so
7fd9ff139000-7fd9ff13c000 r-xp 00000000 08:06 5769246                    /home/eos/anaconda2/lib/python2.7/lib-dynload/_functools.so
7fd9ff13c000-7fd9ff33b000 ---p 00003000 08:06 5769246                    /home/eos/anaconda2/lib/python2.7/lib-dynload/_functools.so
7fd9ff33b000-7fd9ff33c000 rw-p 00002000 08:06 5769246                    /home/eos/anaconda2/lib/python2.7/lib-dynload/_functools.so
7fd9ff33c000-7fd9ff34b000 r-xp 00000000 08:06 5769257                    /home/eos/anaconda2/lib/python2.7/lib-dynload/_socket.so
7fd9ff34b000-7fd9ff54a000 ---p 0000f000 08:06 5769257                    /home/eos/anaconda2/lib/python2.7/lib-dynload/_socket.so
7fd9ff54a000-7fd9ff54f000 rw-p 0000e000 08:06 5769257                    /home/eos/anaconda2/lib/python2.7/lib-dynload/_socket.so
7fd9ff54f000-7fd9ff553000 r-xp 00000000 08:06 5769291                    /home/eos/anaconda2/lib/python2.7/lib-dynload/time.so
7fd9ff553000-7fd9ff752000 ---p 00004000 08:06 5769291                    /home/eos/anaconda2/lib/python2.7/lib-dynload/time.so
7fd9ff752000-7fd9ff754000 rw-p 00003000 08:06 5769291                    /home/eos/anaconda2/lib/python2.7/lib-dynload/time.so
7fd9ff754000-7fd9ff757000 r-xp 00000000 08:06 5769248                    /home/eos/anaconda2/lib/python2.7/lib-dynload/_heapq.so
7fd9ff757000-7fd9ff957000 ---p 00003000 08:06 5769248                    /home/eos/anaconda2/lib/python2.7/lib-dynload/_heapq.so
7fd9ff957000-7fd9ff959000 rw-p 00003000 08:06 5769248                    /home/eos/anaconda2/lib/python2.7/lib-dynload/_heapq.so
7fd9ff959000-7fd9ff963000 r-xp 00000000 08:06 5769275                    /home/eos/anaconda2/lib/python2.7/lib-dynload/itertools.so
7fd9ff963000-7fd9ffb63000 ---p 0000a000 08:06 5769275                    /home/eos/anaconda2/lib/python2.7/lib-dynload/itertools.so
7fd9ffb63000-7fd9ffb68000 rw-p 0000a000 08:06 5769275                    /home/eos/anaconda2/lib/python2.7/lib-dynload/itertools.so
7fd9ffb68000-7fd9ffb70000 r-xp 00000000 08:06 5769280                    /home/eos/anaconda2/lib/python2.7/lib-dynload/operator.so
7fd9ffb70000-7fd9ffd70000 ---p 00008000 08:06 5769280                    /home/eos/anaconda2/lib/python2.7/lib-dynload/operator.so
7fd9ffd70000-7fd9ffd72000 rw-p 00008000 08:06 5769280                    /home/eos/anaconda2/lib/python2.7/lib-dynload/operator.so
7fd9ffd72000-7fd9ffd79000 r-xp 00000000 08:06 5769239                    /home/eos/anaconda2/lib/python2.7/lib-dynload/_collections.so
7fd9ffd79000-7fd9fff78000 ---p 00007000 08:06 5769239                    /home/eos/anaconda2/lib/python2.7/lib-dynload/_collections.so
7fd9fff78000-7fd9fff7a000 rw-p 00006000 08:06 5769239                    /home/eos/anaconda2/lib/python2.7/lib-dynload/_collections.so
7fd9fff7a000-7fd9fff7f000 r-xp 00000000 08:06 5769288                    /home/eos/anaconda2/lib/python2.7/lib-dynload/strop.so
7fd9fff7f000-7fda0017e000 ---p 00005000 08:06 5769288                    /home/eos/anaconda2/lib/python2.7/lib-dynload/strop.so
7fda0017e000-7fda00180000 rw-p 00004000 08:06 5769288                    /home/eos/anaconda2/lib/python2.7/lib-dynload/strop.so
7fda00180000-7fda001c0000 rw-p 00000000 00:00 0 
7fda001cc000-7fda001da000 r--s 000a4000 08:06 1866                       /home/eos/anaconda2/lib/python2.7/site-packages/pyhanlp/static/hanlp-1.7.0-sources.jar
7fda001da000-7fda001f5000 r--s 001d6000 08:06 1577517                    /usr/lib/jvm/java-8-openjdk-amd64/jre/lib/ext/nashorn.jar
7fda001f5000-7fda001ff000 r--s 00116000 08:06 1577515                    /usr/lib/jvm/java-8-openjdk-amd64/jre/lib/ext/localedata.jar
7fda001ff000-7fda0023f000 rw-p 00000000 00:00 0 
7fda00240000-7fda00340000 rw-p 00000000 00:00 0 
7fda00340000-7fda007cb000 r--p 00000000 08:06 1574213                    /usr/lib/locale/locale-archive
7fda007cb000-7fda007cf000 r-xp 00000000 08:06 5769252                    /home/eos/anaconda2/lib/python2.7/lib-dynload/_locale.so
7fda007cf000-7fda009cf000 ---p 00004000 08:06 5769252                    /home/eos/anaconda2/lib/python2.7/lib-dynload/_locale.so
7fda009cf000-7fda009d0000 rw-p 00004000 08:06 5769252                    /home/eos/anaconda2/lib/python2.7/lib-dynload/_locale.so
7fda009d0000-7fda00b90000 r-xp 00000000 08:06 6692165                    /lib/x86_64-linux-gnu/libc-2.23.so
7fda00b90000-7fda00d90000 ---p 001c0000 08:06 6692165                    /lib/x86_64-linux-gnu/libc-2.23.so
7fda00d90000-7fda00d94000 r--p 001c0000 08:06 6692165                    /lib/x86_64-linux-gnu/libc-2.23.so
7fda00d94000-7fda00d96000 rw-p 001c4000 08:06 6692165                    /lib/x86_64-linux-gnu/libc-2.23.so
7fda00d96000-7fda00d9a000 rw-p 00000000 00:00 0 
7fda00d9a000-7fda00ea2000 r-xp 00000000 08:06 6691502                    /lib/x86_64-linux-gnu/libm-2.23.so
7fda00ea2000-7fda010a1000 ---p 00108000 08:06 6691502                    /lib/x86_64-linux-gnu/libm-2.23.so
7fda010a1000-7fda010a2000 r--p 00107000 08:06 6691502                    /lib/x86_64-linux-gnu/libm-2.23.so
7fda010a2000-7fda010a3000 rw-p 00108000 08:06 6691502                    /lib/x86_64-linux-gnu/libm-2.23.so
7fda010a3000-7fda010a5000 r-xp 00000000 08:06 6692174                    /lib/x86_64-linux-gnu/libutil-2.23.so
7fda010a5000-7fda012a4000 ---p 00002000 08:06 6692174                    /lib/x86_64-linux-gnu/libutil-2.23.so
7fda012a4000-7fda012a5000 r--p 00001000 08:06 6692174                    /lib/x86_64-linux-gnu/libutil-2.23.so
7fda012a5000-7fda012a6000 rw-p 00002000 08:06 6692174                    /lib/x86_64-linux-gnu/libutil-2.23.so
7fda012a6000-7fda012a9000 r-xp 00000000 08:06 6692167                    /lib/x86_64-linux-gnu/libdl-2.23.so
7fda012a9000-7fda014a8000 ---p 00003000 08:06 6692167                    /lib/x86_64-linux-gnu/libdl-2.23.so
7fda014a8000-7fda014a9000 r--p 00002000 08:06 6692167                    /lib/x86_64-linux-gnu/libdl-2.23.so
7fda014a9000-7fda014aa000 rw-p 00003000 08:06 6692167                    /lib/x86_64-linux-gnu/libdl-2.23.so
7fda014aa000-7fda014c2000 r-xp 00000000 08:06 6692164                    /lib/x86_64-linux-gnu/libpthread-2.23.so
7fda014c2000-7fda016c1000 ---p 00018000 08:06 6692164                    /lib/x86_64-linux-gnu/libpthread-2.23.so
7fda016c1000-7fda016c2000 r--p 00017000 08:06 6692164                    /lib/x86_64-linux-gnu/libpthread-2.23.so
7fda016c2000-7fda016c3000 rw-p 00018000 08:06 6692164                    /lib/x86_64-linux-gnu/libpthread-2.23.so
7fda016c3000-7fda016c7000 rw-p 00000000 00:00 0 
7fda016c7000-7fda01863000 r-xp 00000000 08:06 5768198                    /home/eos/anaconda2/lib/libpython2.7.so.1.0
7fda01863000-7fda01a62000 ---p 0019c000 08:06 5768198                    /home/eos/anaconda2/lib/libpython2.7.so.1.0
7fda01a62000-7fda01aa2000 rw-p 0019b000 08:06 5768198                    /home/eos/anaconda2/lib/libpython2.7.so.1.0
7fda01aa2000-7fda01ac3000 rw-p 00000000 00:00 0 
7fda01ac3000-7fda01ae9000 r-xp 00000000 08:06 6692163                    /lib/x86_64-linux-gnu/ld-2.23.so
7fda01aed000-7fda01aef000 r--s 00001000 08:06 1579537                    /usr/lib/jvm/java-8-openjdk-amd64/jre/lib/ext/dnsns.jar
7fda01aef000-7fda01af5000 r--s 0003b000 08:06 1577519                    /usr/lib/jvm/java-8-openjdk-amd64/jre/lib/ext/sunjce_provider.jar
7fda01af5000-7fda01af8000 r--s 00038000 08:06 1579534                    /usr/lib/jvm/java-8-openjdk-amd64/jre/lib/ext/sunpkcs11.jar
7fda01af8000-7fda01b13000 r--s 00394000 08:06 1577518                    /usr/lib/jvm/java-8-openjdk-amd64/jre/lib/ext/cldrdata.jar
7fda01b13000-7fda01bd3000 rw-p 00000000 00:00 0 
7fda01bd4000-7fda01bfc000 rw-p 00000000 00:00 0 
7fda01bfc000-7fda01c04000 rw-s 00000000 08:06 4333747                    /tmp/hsperfdata_eos/11870
7fda01c04000-7fda01cc8000 rw-p 00000000 00:00 0 
7fda01cc8000-7fda01cca000 r--s 00008000 08:06 1577520                    /usr/lib/jvm/java-8-openjdk-amd64/jre/lib/ext/sunec.jar
7fda01cca000-7fda01ccb000 r--s 00010000 08:06 1579536                    /usr/lib/jvm/java-8-openjdk-amd64/jre/lib/ext/zipfs.jar
7fda01ccb000-7fda01cce000 r--s 0000f000 08:06 1577516                    /usr/lib/jvm/java-8-openjdk-amd64/jre/lib/ext/icedtea-sound.jar
7fda01cce000-7fda01ccf000 r--s 0000a000 08:06 1577521                    /usr/lib/jvm/java-8-openjdk-amd64/jre/lib/ext/jaccess.jar
7fda01ccf000-7fda01cd0000 rw-p 00000000 00:00 0 
7fda01cd0000-7fda01cd1000 r--p 00000000 00:00 0 
7fda01cd1000-7fda01cd4000 r--p 00000000 08:06 8133736                    /home/eos/anaconda2/lib/libgcc_s.so.1
7fda01cd4000-7fda01ce1000 r-xp 00003000 08:06 8133736                    /home/eos/anaconda2/lib/libgcc_s.so.1
7fda01ce1000-7fda01ce4000 r--p 00010000 08:06 8133736                    /home/eos/anaconda2/lib/libgcc_s.so.1
7fda01ce4000-7fda01ce5000 r--p 00012000 08:06 8133736                    /home/eos/anaconda2/lib/libgcc_s.so.1
7fda01ce5000-7fda01ce6000 rw-p 00013000 08:06 8133736                    /home/eos/anaconda2/lib/libgcc_s.so.1
7fda01ce6000-7fda01ce7000 rwxp 00000000 00:00 0 
7fda01ce7000-7fda01ce8000 rw-p 00000000 00:00 0 
7fda01ce8000-7fda01ce9000 r--p 00025000 08:06 6692163                    /lib/x86_64-linux-gnu/ld-2.23.so
7fda01ce9000-7fda01cea000 rw-p 00026000 08:06 6692163                    /lib/x86_64-linux-gnu/ld-2.23.so
7fda01cea000-7fda01ceb000 rw-p 00000000 00:00 0 
7ffe85f7c000-7ffe85f7f000 ---p 00000000 00:00 0 
7ffe85f7f000-7ffe8607c000 rw-p 00000000 00:00 0                          [stack]
7ffe861ce000-7ffe861d1000 r--p 00000000 00:00 0                          [vvar]
7ffe861d1000-7ffe861d3000 r-xp 00000000 00:00 0                          [vdso]
ffffffffff600000-ffffffffff601000 r-xp 00000000 00:00 0                  [vsyscall]

VM Arguments:
jvm_args: -Xms1g -Xmx2g 
java_command: <unknown>
java_class_path (initial): /home/eos/anaconda2/lib/python2.7/site-packages/pyhanlp/static/hanlp-1.7.0-sources.jar:/home/eos/anaconda2/lib/python2.7/site-packages/pyhanlp/static
Launcher Type: generic

Environment Variables:
PATH=/usr/local/sbin:/usr/local/bin:/usr/sbin:/usr/bin:/sbin:/bin:/usr/games:/usr/local/games:/snap/bin
SHELL=/bin/bash
DISPLAY=:0

Signal Handlers:
SIGSEGV: [libjvm.so+0xa74e00], sa_mask[0]=11111111011111111101111111111110, sa_flags=SA_RESTART|SA_SIGINFO
SIGBUS: [libjvm.so+0xa74e00], sa_mask[0]=11111111011111111101111111111110, sa_flags=SA_RESTART|SA_SIGINFO
SIGFPE: [libjvm.so+0x8bbe10], sa_mask[0]=11111111011111111101111111111110, sa_flags=SA_RESTART|SA_SIGINFO
SIGPIPE: [libjvm.so+0x8bbe10], sa_mask[0]=11111111011111111101111111111110, sa_flags=SA_RESTART|SA_SIGINFO
SIGXFSZ: [libjvm.so+0x8bbe10], sa_mask[0]=11111111011111111101111111111110, sa_flags=SA_RESTART|SA_SIGINFO
SIGILL: [libjvm.so+0x8bbe10], sa_mask[0]=11111111011111111101111111111110, sa_flags=SA_RESTART|SA_SIGINFO
SIGUSR1: SIG_DFL, sa_mask[0]=00000000000000000000000000000000, sa_flags=none
SIGUSR2: [libjvm.so+0x8bbcc0], sa_mask[0]=00100000000000000000000000000000, sa_flags=SA_RESTART|SA_SIGINFO
SIGHUP: [libjvm.so+0x8bc350], sa_mask[0]=11111111011111111101111111111110, sa_flags=SA_RESTART|SA_SIGINFO
SIGINT: [libjvm.so+0x8bc350], sa_mask[0]=11111111011111111101111111111110, sa_flags=SA_RESTART|SA_SIGINFO
SIGTERM: [libjvm.so+0x8bc350], sa_mask[0]=11111111011111111101111111111110, sa_flags=SA_RESTART|SA_SIGINFO
SIGQUIT: [libjvm.so+0x8bc350], sa_mask[0]=11111111011111111101111111111110, sa_flags=SA_RESTART|SA_SIGINFO


---------------  S Y S T E M  ---------------

OS:DISTRIB_ID=Ubuntu
DISTRIB_RELEASE=16.04
DISTRIB_CODENAME=xenial
DISTRIB_DESCRIPTION="Ubuntu 16.04.5 LTS"

uname:Linux 4.4.0-141-generic #167-Ubuntu SMP Wed Dec 5 10:40:15 UTC 2018 x86_64
libc:glibc 2.23 NPTL 2.23 
rlimit: STACK 8192k, CORE 0k, NPROC 63669, NOFILE 1048576, AS infinity
load average:0.51 0.49 0.50

/proc/meminfo:
MemTotal:       16351340 kB
MemFree:         8493536 kB
MemAvailable:   11544356 kB
Buffers:          462448 kB
Cached:          2706804 kB
SwapCached:            0 kB
Active:          5823472 kB
Inactive:        1449968 kB
Active(anon):    4105960 kB
Inactive(anon):    72748 kB
Active(file):    1717512 kB
Inactive(file):  1377220 kB
Unevictable:          64 kB
Mlocked:              64 kB
SwapTotal:      16694268 kB
SwapFree:       16694268 kB
Dirty:               172 kB
Writeback:             0 kB
AnonPages:       4104384 kB
Mapped:           585640 kB
Shmem:             74508 kB
Slab:             353044 kB
SReclaimable:     296224 kB
SUnreclaim:        56820 kB
KernelStack:       16736 kB
PageTables:        66632 kB
NFS_Unstable:          0 kB
Bounce:                0 kB
WritebackTmp:          0 kB
CommitLimit:    24869936 kB
Committed_AS:   16543316 kB
VmallocTotal:   34359738367 kB
VmallocUsed:           0 kB
VmallocChunk:          0 kB
HardwareCorrupted:     0 kB
AnonHugePages:      6144 kB
CmaTotal:              0 kB
CmaFree:               0 kB
HugePages_Total:       0
HugePages_Free:        0
HugePages_Rsvd:        0
HugePages_Surp:        0
Hugepagesize:       2048 kB
DirectMap4k:      292176 kB
DirectMap2M:     6967296 kB
DirectMap1G:    10485760 kB

container (cgroup) information:
container_type: cgroupv1
cpu_cpuset_cpus: 0-7
cpu_memory_nodes: 0
active_processor_count: 8
cpu_quota: -1
cpu_period: 100000
cpu_shares: -1
memory_limit_in_bytes: -1
memory_and_swap_limit_in_bytes: -2
memory_soft_limit_in_bytes: -1
memory_usage_in_bytes: 7449772032
memory_max_usage_in_bytes: 0


CPU:total 8 (initial active 8) (4 cores per cpu, 2 threads per core) family 6 model 94 stepping 3, cmov, cx8, fxsr, mmx, sse, sse2, sse3, ssse3, sse4.1, sse4.2, popcnt, avx, avx2, aes, clmul, erms, rtm, 3dnowpref, lzcnt, ht, tsc, tscinvbit, bmi1, bmi2, adx

/proc/cpuinfo:
processor	: 0
vendor_id	: GenuineIntel
cpu family	: 6
model		: 94
model name	: Intel(R) Core(TM) i7-6700 CPU @ 3.40GHz
stepping	: 3
microcode	: 0xc6
cpu MHz		: 3110.601
cache size	: 8192 KB
physical id	: 0
siblings	: 8
core id		: 0
cpu cores	: 4
apicid		: 0
initial apicid	: 0
fpu		: yes
fpu_exception	: yes
cpuid level	: 22
wp		: yes
flags		: fpu vme de pse tsc msr pae mce cx8 apic sep mtrr pge mca cmov pat pse36 clflush dts acpi mmx fxsr sse sse2 ss ht tm pbe syscall nx pdpe1gb rdtscp lm constant_tsc art arch_perfmon pebs bts rep_good nopl xtopology nonstop_tsc aperfmperf pni pclmulqdq dtes64 monitor ds_cpl vmx smx est tm2 ssse3 sdbg fma cx16 xtpr pdcm pcid sse4_1 sse4_2 x2apic movbe popcnt tsc_deadline_timer aes xsave avx f16c rdrand lahf_lm abm 3dnowprefetch epb invpcid_single intel_pt ssbd ibrs ibpb stibp kaiser tpr_shadow vnmi flexpriority ept vpid fsgsbase tsc_adjust bmi1 hle avx2 smep bmi2 erms invpcid rtm mpx rdseed adx smap clflushopt xsaveopt xsavec xgetbv1 dtherm ida arat pln pts hwp hwp_notify hwp_act_window hwp_epp flush_l1d
bugs		: cpu_meltdown spectre_v1 spectre_v2 spec_store_bypass l1tf
bogomips	: 6816.61
clflush size	: 64
cache_alignment	: 64
address sizes	: 39 bits physical, 48 bits virtual
power management:

processor	: 1
vendor_id	: GenuineIntel
cpu family	: 6
model		: 94
model name	: Intel(R) Core(TM) i7-6700 CPU @ 3.40GHz
stepping	: 3
microcode	: 0xc6
cpu MHz		: 3566.148
cache size	: 8192 KB
physical id	: 0
siblings	: 8
core id		: 1
cpu cores	: 4
apicid		: 2
initial apicid	: 2
fpu		: yes
fpu_exception	: yes
cpuid level	: 22
wp		: yes
flags		: fpu vme de pse tsc msr pae mce cx8 apic sep mtrr pge mca cmov pat pse36 clflush dts acpi mmx fxsr sse sse2 ss ht tm pbe syscall nx pdpe1gb rdtscp lm constant_tsc art arch_perfmon pebs bts rep_good nopl xtopology nonstop_tsc aperfmperf pni pclmulqdq dtes64 monitor ds_cpl vmx smx est tm2 ssse3 sdbg fma cx16 xtpr pdcm pcid sse4_1 sse4_2 x2apic movbe popcnt tsc_deadline_timer aes xsave avx f16c rdrand lahf_lm abm 3dnowprefetch epb invpcid_single intel_pt ssbd ibrs ibpb stibp kaiser tpr_shadow vnmi flexpriority ept vpid fsgsbase tsc_adjust bmi1 hle avx2 smep bmi2 erms invpcid rtm mpx rdseed adx smap clflushopt xsaveopt xsavec xgetbv1 dtherm ida arat pln pts hwp hwp_notify hwp_act_window hwp_epp flush_l1d
bugs		: cpu_meltdown spectre_v1 spectre_v2 spec_store_bypass l1tf
bogomips	: 6816.61
clflush size	: 64
cache_alignment	: 64
address sizes	: 39 bits physical, 48 bits virtual
power management:

processor	: 2
vendor_id	: GenuineIntel
cpu family	: 6
model		: 94
model name	: Intel(R) Core(TM) i7-6700 CPU @ 3.40GHz
stepping	: 3
microcode	: 0xc6
cpu MHz		: 3433.070
cache size	: 8192 KB
physical id	: 0
siblings	: 8
core id		: 2
cpu cores	: 4
apicid		: 4
initial apicid	: 4
fpu		: yes
fpu_exception	: yes
cpuid level	: 22
wp		: yes
flags		: fpu vme de pse tsc msr pae mce cx8 apic sep mtrr pge mca cmov pat pse36 clflush dts acpi mmx fxsr sse sse2 ss ht tm pbe syscall nx pdpe1gb rdtscp lm constant_tsc art arch_perfmon pebs bts rep_good nopl xtopology nonstop_tsc aperfmperf pni pclmulqdq dtes64 monitor ds_cpl vmx smx est tm2 ssse3 sdbg fma cx16 xtpr pdcm pcid sse4_1 sse4_2 x2apic movbe popcnt tsc_deadline_timer aes xsave avx f16c rdrand lahf_lm abm 3dnowprefetch epb invpcid_single intel_pt ssbd ibrs ibpb stibp kaiser tpr_shadow vnmi flexpriority ept vpid fsgsbase tsc_adjust bmi1 hle avx2 smep bmi2 erms invpcid rtm mpx rdseed adx smap clflushopt xsaveopt xsavec xgetbv1 dtherm ida arat pln pts hwp hwp_notify hwp_act_window hwp_epp flush_l1d
bugs		: cpu_meltdown spectre_v1 spectre_v2 spec_store_bypass l1tf
bogomips	: 6816.61
clflush size	: 64
cache_alignment	: 64
address sizes	: 39 bits physical, 48 bits virtual
power management:

processor	: 3
vendor_id	: GenuineIntel
cpu family	: 6
model		: 94
model name	: Intel(R) Core(TM) i7-6700 CPU @ 3.40GHz
stepping	: 3
microcode	: 0xc6
cpu MHz		: 2614.414
cache size	: 8192 KB
physical id	: 0
siblings	: 8
core id		: 3
cpu cores	: 4
apicid		: 6
initial apicid	: 6
fpu		: yes
fpu_exception	: yes
cpuid level	: 22
wp		: yes
flags		: fpu vme de pse tsc msr pae mce cx8 apic sep mtrr pge mca cmov pat pse36 clflush dts acpi mmx fxsr sse sse2 ss ht tm pbe syscall nx pdpe1gb rdtscp lm constant_tsc art arch_perfmon pebs bts rep_good nopl xtopology nonstop_tsc aperfmperf pni pclmulqdq dtes64 monitor ds_cpl vmx smx est tm2 ssse3 sdbg fma cx16 xtpr pdcm pcid sse4_1 sse4_2 x2apic movbe popcnt tsc_deadline_timer aes xsave avx f16c rdrand lahf_lm abm 3dnowprefetch epb invpcid_single intel_pt ssbd ibrs ibpb stibp kaiser tpr_shadow vnmi flexpriority ept vpid fsgsbase tsc_adjust bmi1 hle avx2 smep bmi2 erms invpcid rtm mpx rdseed adx smap clflushopt xsaveopt xsavec xgetbv1 dtherm ida arat pln pts hwp hwp_notify hwp_act_window hwp_epp flush_l1d
bugs		: cpu_meltdown spectre_v1 spectre_v2 spec_store_bypass l1tf
bogomips	: 6816.61
clflush size	: 64
cache_alignment	: 64
address sizes	: 39 bits physical, 48 bits virtual
power management:

processor	: 4
vendor_id	: GenuineIntel
cpu family	: 6
model		: 94
model name	: Intel(R) Core(TM) i7-6700 CPU @ 3.40GHz
stepping	: 3
microcode	: 0xc6
cpu MHz		: 3673.062
cache size	: 8192 KB
physical id	: 0
siblings	: 8
core id		: 0
cpu cores	: 4
apicid		: 1
initial apicid	: 1
fpu		: yes
fpu_exception	: yes
cpuid level	: 22
wp		: yes
flags		: fpu vme de pse tsc msr pae mce cx8 apic sep mtrr pge mca cmov pat pse36 clflush dts acpi mmx fxsr sse sse2 ss ht tm pbe syscall nx pdpe1gb rdtscp lm constant_tsc art arch_perfmon pebs bts rep_good nopl xtopology nonstop_tsc aperfmperf pni pclmulqdq dtes64 monitor ds_cpl vmx smx est tm2 ssse3 sdbg fma cx16 xtpr pdcm pcid sse4_1 sse4_2 x2apic movbe popcnt tsc_deadline_timer aes xsave avx f16c rdrand lahf_lm abm 3dnowprefetch epb invpcid_single intel_pt ssbd ibrs ibpb stibp kaiser tpr_shadow vnmi flexpriority ept vpid fsgsbase tsc_adjust bmi1 hle avx2 smep bmi2 erms invpcid rtm mpx rdseed adx smap clflushopt xsaveopt xsavec xgetbv1 dtherm ida arat pln pts hwp hwp_notify hwp_act_window hwp_epp flush_l1d
bugs		: cpu_meltdown spectre_v1 spectre_v2 spec_store_bypass l1tf
bogomips	: 6816.61
clflush size	: 64
cache_alignment	: 64
address sizes	: 39 bits physical, 48 bits virtual
power management:

processor	: 5
vendor_id	: GenuineIntel
cpu family	: 6
model		: 94
model name	: Intel(R) Core(TM) i7-6700 CPU @ 3.40GHz
stepping	: 3
microcode	: 0xc6
cpu MHz		: 3684.617
cache size	: 8192 KB
physical id	: 0
siblings	: 8
core id		: 1
cpu cores	: 4
apicid		: 3
initial apicid	: 3
fpu		: yes
fpu_exception	: yes
cpuid level	: 22
wp		: yes
flags		: fpu vme de pse tsc msr pae mce cx8 apic sep mtrr pge mca cmov pat pse36 clflush dts acpi mmx fxsr sse sse2 ss ht tm pbe syscall nx pdpe1gb rdtscp lm constant_tsc art arch_perfmon pebs bts rep_good nopl xtopology nonstop_tsc aperfmperf pni pclmulqdq dtes64 monitor ds_cpl vmx smx est tm2 ssse3 sdbg fma cx16 xtpr pdcm pcid sse4_1 sse4_2 x2apic movbe popcnt tsc_deadline_timer aes xsave avx f16c rdrand lahf_lm abm 3dnowprefetch epb invpcid_single intel_pt ssbd ibrs ibpb stibp kaiser tpr_shadow vnmi flexpriority ept vpid fsgsbase tsc_adjust bmi1 hle avx2 smep bmi2 erms invpcid rtm mpx rdseed adx smap clflushopt xsaveopt xsavec xgetbv1 dtherm ida arat pln pts hwp hwp_notify hwp_act_window hwp_epp flush_l1d
bugs		: cpu_meltdown spectre_v1 spectre_v2 spec_store_bypass l1tf
bogomips	: 6816.61
clflush size	: 64
cache_alignment	: 64
address sizes	: 39 bits physical, 48 bits virtual
power management:

processor	: 6
vendor_id	: GenuineIntel
cpu family	: 6
model		: 94
model name	: Intel(R) Core(TM) i7-6700 CPU @ 3.40GHz
stepping	: 3
microcode	: 0xc6
cpu MHz		: 2322.757
cache size	: 8192 KB
physical id	: 0
siblings	: 8
core id		: 2
cpu cores	: 4
apicid		: 5
initial apicid	: 5
fpu		: yes
fpu_exception	: yes
cpuid level	: 22
wp		: yes
flags		: fpu vme de pse tsc msr pae mce cx8 apic sep mtrr pge mca cmov pat pse36 clflush dts acpi mmx fxsr sse sse2 ss ht tm pbe syscall nx pdpe1gb rdtscp lm constant_tsc art arch_perfmon pebs bts rep_good nopl xtopology nonstop_tsc aperfmperf pni pclmulqdq dtes64 monitor ds_cpl vmx smx est tm2 ssse3 sdbg fma cx16 xtpr pdcm pcid sse4_1 sse4_2 x2apic movbe popcnt tsc_deadline_timer aes xsave avx f16c rdrand lahf_lm abm 3dnowprefetch epb invpcid_single intel_pt ssbd ibrs ibpb stibp kaiser tpr_shadow vnmi flexpriority ept vpid fsgsbase tsc_adjust bmi1 hle avx2 smep bmi2 erms invpcid rtm mpx rdseed adx smap clflushopt xsaveopt xsavec xgetbv1 dtherm ida arat pln pts hwp hwp_notify hwp_act_window hwp_epp flush_l1d
bugs		: cpu_meltdown spectre_v1 spectre_v2 spec_store_bypass l1tf
bogomips	: 6816.61
clflush size	: 64
cache_alignment	: 64
address sizes	: 39 bits physical, 48 bits virtual
power management:

processor	: 7
vendor_id	: GenuineIntel
cpu family	: 6
model		: 94
model name	: Intel(R) Core(TM) i7-6700 CPU @ 3.40GHz
stepping	: 3
microcode	: 0xc6
cpu MHz		: 2896.773
cache size	: 8192 KB
physical id	: 0
siblings	: 8
core id		: 3
cpu cores	: 4
apicid		: 7
initial apicid	: 7
fpu		: yes
fpu_exception	: yes
cpuid level	: 22
wp		: yes
flags		: fpu vme de pse tsc msr pae mce cx8 apic sep mtrr pge mca cmov pat pse36 clflush dts acpi mmx fxsr sse sse2 ss ht tm pbe syscall nx pdpe1gb rdtscp lm constant_tsc art arch_perfmon pebs bts rep_good nopl xtopology nonstop_tsc aperfmperf pni pclmulqdq dtes64 monitor ds_cpl vmx smx est tm2 ssse3 sdbg fma cx16 xtpr pdcm pcid sse4_1 sse4_2 x2apic movbe popcnt tsc_deadline_timer aes xsave avx f16c rdrand lahf_lm abm 3dnowprefetch epb invpcid_single intel_pt ssbd ibrs ibpb stibp kaiser tpr_shadow vnmi flexpriority ept vpid fsgsbase tsc_adjust bmi1 hle avx2 smep bmi2 erms invpcid rtm mpx rdseed adx smap clflushopt xsaveopt xsavec xgetbv1 dtherm ida arat pln pts hwp hwp_notify hwp_act_window hwp_epp flush_l1d
bugs		: cpu_meltdown spectre_v1 spectre_v2 spec_store_bypass l1tf
bogomips	: 6816.61
clflush size	: 64
cache_alignment	: 64
address sizes	: 39 bits physical, 48 bits virtual
power management:



Memory: 4k page, physical 16351340k(8493536k free), swap 16694268k(16694268k free)

vm_info: OpenJDK 64-Bit Server VM (25.191-b12) for linux-amd64 JRE (1.8.0_191-8u191-b12-0ubuntu0.16.04.1-b12), built on Nov 20 2018 15:24:40 by "buildd" with gcc 5.4.0 20160609

time: Wed Dec 26 14:54:00 2018
elapsed time: 0 seconds (0d 0h 0m 0s)

